<?xml version="1.0" encoding="UTF-8"?>
<testsuite xmlns:xsi="http://www.w3.org/2001/XMLSchema-instance" xsi:noNamespaceSchemaLocation="https://maven.apache.org/surefire/maven-surefire-plugin/xsd/surefire-test-report-3.0.xsd" version="3.0" name="com.library.service.FineReportServiceTest" time="0.068" tests="3" errors="0" skipped="0" failures="0">
  <properties>
[...]
</properties>
  <testcase name="emptyFinesReturnEmptySummary" classname="com.library.service.FineReportServiceTest" time="0.055"/>
  <testcase name="groupsFinesByTypeAndHandlesUnknown" classname="com.library.service.FineReportServiceTest" time="0.004"/>
  <testcase name="ignoresPaidAndZeroAmountFines" classname="com.library.service.FineReportServiceTest" time="0.006"/>
</testsuite>